# JRE version: Java(TM) SE Runtime Environment (8.0_381) (build 1.8.0_381-b09)
# Java VM: Java HotSpot(TM) 64-Bit Server VM (25.381-b09 mixed mode windows-amd64 compressed oops)
Heap:
 PSYoungGen      total 875008K, used 46164K [0x000000076c800000, 0x00000007ae980000, 0x00000007c0000000)
  eden space 669184K, 6% used [0x000000076c800000,0x000000076f5150f0,0x0000000795580000)
  from space 205824K, 0% used [0x00000007a2080000,0x00000007a2080000,0x00000007ae980000)
  to   space 206848K, 0% used [0x0000000795580000,0x0000000795580000,0x00000007a1f80000)
 ParOldGen       total 1712128K, used 1369498K [0x00000006c5800000, 0x000000072e000000, 0x000000076c800000)
  object space 1712128K, 79% used [0x00000006c5800000,0x0000000719166a48,0x000000072e000000)
 Metaspace       used 18086K, capacity 18890K, committed 19200K, reserved 1064960K
  class space    used 2510K, capacity 2698K, committed 2816K, reserved 1048576K
GC Heap History (10 events):
Event: 2.738 GC heap before
{Heap before GC invocations=13 (full 5):
 PSYoungGen      total 671744K, used 150320K [0x000000076c800000, 0x00000007a5400000, 0x00000007c0000000)
  eden space 521216K, 0% used [0x000000076c800000,0x000000076c800000,0x000000078c500000)
  from space 150528K, 99% used [0x0000000797700000,0x00000007a09cc3e0,0x00000007a0a00000)
  to   space 182272K, 0% used [0x000000078c500000,0x000000078c500000,0x0000000797700000)
 ParOldGen       total 1246720K, used 1069401K [0x00000006c5800000, 0x0000000711980000, 0x000000076c800000)
  object space 1246720K, 85% used [0x00000006c5800000,0x0000000706c56408,0x0000000711980000)
 Metaspace       used 9516K, capacity 9930K, committed 10112K, reserved 1058816K
  class space    used 1236K, capacity 1366K, committed 1408K, reserved 1048576K
Event: 2.859 GC heap after
Heap after GC invocations=13 (full 5):
 PSYoungGen      total 671744K, used 0K [0x000000076c800000, 0x00000007a5400000, 0x00000007c0000000)
  eden space 521216K, 0% used [0x000000076c800000,0x000000076c800000,0x000000078c500000)
  from space 150528K, 0% used [0x0000000797700000,0x0000000797700000,0x00000007a0a00000)
  to   space 182272K, 0% used [0x000000078c500000,0x000000078c500000,0x0000000797700000)
 ParOldGen       total 1712128K, used 1219467K [0x00000006c5800000, 0x000000072e000000, 0x000000076c800000)
  object space 1712128K, 71% used [0x00000006c5800000,0x000000070fee2c70,0x000000072e000000)
 Metaspace       used 9516K, capacity 9930K, committed 10112K, reserved 1058816K
  class space    used 1236K, capacity 1366K, committed 1408K, reserved 1048576K
}
Event: 6.551 GC heap before
{Heap before GC invocations=14 (full 5):
 PSYoungGen      total 671744K, used 234020K [0x000000076c800000, 0x00000007a5400000, 0x00000007c0000000)
  eden space 521216K, 44% used [0x000000076c800000,0x000000077ac89080,0x000000078c500000)
  from space 150528K, 0% used [0x0000000797700000,0x0000000797700000,0x00000007a0a00000)
  to   space 182272K, 0% used [0x000000078c500000,0x000000078c500000,0x0000000797700000)
 ParOldGen       total 1712128K, used 1219467K [0x00000006c5800000, 0x000000072e000000, 0x000000076c800000)
  object space 1712128K, 71% used [0x00000006c5800000,0x000000070fee2c70,0x000000072e000000)
 Metaspace       used 15102K, capacity 15688K, committed 15744K, reserved 1062912K
  class space    used 1990K, capacity 2133K, committed 2176K, reserved 1048576K
Event: 6.580 GC heap after
Heap after GC invocations=14 (full 5):
 PSYoungGen      total 703488K, used 159708K [0x000000076c800000, 0x00000007aeb80000, 0x00000007c0000000)
  eden space 521216K, 0% used [0x000000076c800000,0x000000076c800000,0x000000078c500000)
  from space 182272K, 87% used [0x000000078c500000,0x00000007960f7150,0x0000000797700000)
  to   space 207872K, 0% used [0x00000007a2080000,0x00000007a2080000,0x00000007aeb80000)
 ParOldGen       total 1712128K, used 1219475K [0x00000006c5800000, 0x000000072e000000, 0x000000076c800000)
  object space 1712128K, 71% used [0x00000006c5800000,0x000000070fee4c70,0x000000072e000000)
 Metaspace       used 15102K, capacity 15688K, committed 15744K, reserved 1062912K
  class space    used 1990K, capacity 2133K, committed 2176K, reserved 1048576K
}
Event: 6.580 GC heap before
{Heap before GC invocations=15 (full 6):
 PSYoungGen      total 703488K, used 159708K [0x000000076c800000, 0x00000007aeb80000, 0x00000007c0000000)
  eden space 521216K, 0% used [0x000000076c800000,0x000000076c800000,0x000000078c500000)
  from space 182272K, 87% used [0x000000078c500000,0x00000007960f7150,0x0000000797700000)
  to   space 207872K, 0% used [0x00000007a2080000,0x00000007a2080000,0x00000007aeb80000)
 ParOldGen       total 1712128K, used 1219475K [0x00000006c5800000, 0x000000072e000000, 0x000000076c800000)
  object space 1712128K, 71% used [0x00000006c5800000,0x000000070fee4c70,0x000000072e000000)
 Metaspace       used 15102K, capacity 15688K, committed 15744K, reserved 1062912K
  class space    used 1990K, capacity 2133K, committed 2176K, reserved 1048576K
Event: 6.841 GC heap after
Heap after GC invocations=15 (full 6):
 PSYoungGen      total 703488K, used 0K [0x000000076c800000, 0x00000007aeb80000, 0x00000007c0000000)
  eden space 521216K, 0% used [0x000000076c800000,0x000000076c800000,0x000000078c500000)
  from space 182272K, 0% used [0x000000078c500000,0x000000078c500000,0x0000000797700000)
  to   space 207872K, 0% used [0x00000007a2080000,0x00000007a2080000,0x00000007aeb80000)
 ParOldGen       total 1712128K, used 1369570K [0x00000006c5800000, 0x000000072e000000, 0x000000076c800000)
  object space 1712128K, 79% used [0x00000006c5800000,0x0000000719178b50,0x000000072e000000)
 Metaspace       used 15102K, capacity 15688K, committed 15744K, reserved 1062912K
  class space    used 1990K, capacity 2133K, committed 2176K, reserved 1048576K
}
Event: 8.908 GC heap before
{Heap before GC invocations=16 (full 6):
 PSYoungGen      total 703488K, used 27272K [0x000000076c800000, 0x00000007aeb80000, 0x00000007c0000000)
  eden space 521216K, 5% used [0x000000076c800000,0x000000076e2a21e0,0x000000078c500000)
  from space 182272K, 0% used [0x000000078c500000,0x000000078c500000,0x0000000797700000)
  to   space 207872K, 0% used [0x00000007a2080000,0x00000007a2080000,0x00000007aeb80000)
 ParOldGen       total 1712128K, used 1369570K [0x00000006c5800000, 0x000000072e000000, 0x000000076c800000)
  object space 1712128K, 79% used [0x00000006c5800000,0x0000000719178b50,0x000000072e000000)
 Metaspace       used 15282K, capacity 15926K, committed 16000K, reserved 1062912K
  class space    used 1999K, capacity 2168K, committed 2176K, reserved 1048576K
Event: 8.912 GC heap after
Heap after GC invocations=16 (full 6):
 PSYoungGen      total 875008K, used 352K [0x000000076c800000, 0x00000007ae980000, 0x00000007c0000000)
  eden space 669184K, 0% used [0x000000076c800000,0x000000076c800000,0x0000000795580000)
  from space 205824K, 0% used [0x00000007a2080000,0x00000007a20d8000,0x00000007ae980000)
  to   space 206848K, 0% used [0x0000000795580000,0x0000000795580000,0x00000007a1f80000)
 ParOldGen       total 1712128K, used 1369578K [0x00000006c5800000, 0x000000072e000000, 0x000000076c800000)
  object space 1712128K, 79% used [0x00000006c5800000,0x000000071917ab50,0x000000072e000000)
 Metaspace       used 15282K, capacity 15926K, committed 16000K, reserved 1062912K
  class space    used 1999K, capacity 2168K, committed 2176K, reserved 1048576K
}
Event: 8.912 GC heap before
{Heap before GC invocations=17 (full 7):
 PSYoungGen      total 875008K, used 352K [0x000000076c800000, 0x00000007ae980000, 0x00000007c0000000)
  eden space 669184K, 0% used [0x000000076c800000,0x000000076c800000,0x0000000795580000)
  from space 205824K, 0% used [0x00000007a2080000,0x00000007a20d8000,0x00000007ae980000)
  to   space 206848K, 0% used [0x0000000795580000,0x0000000795580000,0x00000007a1f80000)
 ParOldGen       total 1712128K, used 1369578K [0x00000006c5800000, 0x000000072e000000, 0x000000076c800000)
  object space 1712128K, 79% used [0x00000006c5800000,0x000000071917ab50,0x000000072e000000)
 Metaspace       used 15282K, capacity 15926K, committed 16000K, reserved 1062912K
  class space    used 1999K, capacity 2168K, committed 2176K, reserved 1048576K
Event: 9.205 GC heap after
Heap after GC invocations=17 (full 7):
 PSYoungGen      total 875008K, used 0K [0x000000076c800000, 0x00000007ae980000, 0x00000007c0000000)
  eden space 669184K, 0% used [0x000000076c800000,0x000000076c800000,0x0000000795580000)
  from space 205824K, 0% used [0x00000007a2080000,0x00000007a2080000,0x00000007ae980000)
  to   space 206848K, 0% used [0x0000000795580000,0x0000000795580000,0x00000007a1f80000)
 ParOldGen       total 1712128K, used 1369498K [0x00000006c5800000, 0x000000072e000000, 0x000000076c800000)
  object space 1712128K, 79% used [0x00000006c5800000,0x0000000719166a48,0x000000072e000000)
 Metaspace       used 15282K, capacity 15926K, committed 16000K, reserved 1062912K
  class space    used 1999K, capacity 2168K, committed 2176K, reserved 1048576K
}

